SLF4J(W): Class path contains multiple SLF4J providers.
SLF4J(W): Found provider [ch.qos.logback.classic.spi.LogbackServiceProvider@72d0157c]
SLF4J(W): Found provider [org.apache.logging.slf4j.SLF4JServiceProvider@55f61387]
SLF4J(W): See https://www.slf4j.org/codes.html#multiple_bindings for an explanation.
SLF4J(I): Connected with provider of type [ch.qos.logback.classic.spi.LogbackServiceProvider]
2024-12-14 10:52:24 [DashboardAPI-akka.actor.default-dispatcher-7] INFO  akka.event.slf4j.Slf4jLogger - Slf4jLogger started
2024-12-14 10:52:24 [DashboardAPI-akka.actor.default-dispatcher-8] WARN  akka.actor.ActorSystemImpl - Dev use only. Free keys at https://akka.io/key
2024-12-14 10:52:29 [main] WARN  o.a.hadoop.util.NativeCodeLoader - Unable to load native-hadoop library for your platform... using builtin-java classes where applicable
WARNING: An illegal reflective access operation has occurred
WARNING: Illegal reflective access by org.apache.spark.unsafe.Platform (file:/Users/surajverma/Library/Caches/Coursier/v1/https/repo1.maven.org/maven2/org/apache/spark/spark-unsafe_2.13/3.5.1/spark-unsafe_2.13-3.5.1.jar) to constructor java.nio.DirectByteBuffer(long,int)
WARNING: Please consider reporting this to the maintainers of org.apache.spark.unsafe.Platform
WARNING: Use --illegal-access=warn to enable warnings of further illegal reflective access operations
WARNING: All illegal access operations will be denied in a future release
2024-12-14 10:52:29 [main] INFO  org.sparkproject.jetty.util.log - Logging initialized @6043ms to org.sparkproject.jetty.util.log.Slf4jLog
2024-12-14 10:52:29 [main] INFO  o.sparkproject.jetty.server.Server - jetty-9.4.52.v20230823; built: 2023-08-23T19:29:37.669Z; git: abdcda73818a1a2c705da276edb0bf6581e7997e; jvm 11.0.25+9-LTS
2024-12-14 10:52:29 [main] INFO  o.sparkproject.jetty.server.Server - Started @6085ms
2024-12-14 10:52:29 [main] INFO  o.s.jetty.server.AbstractConnector - Started ServerConnector@2e26173{HTTP/1.1, (http/1.1)}{0.0.0.0:4040}
2024-12-14 10:52:29 [main] INFO  o.s.j.server.handler.ContextHandler - Started o.s.j.s.ServletContextHandler@314b9e4b{/,null,AVAILABLE,@Spark}
2024-12-14 10:52:29 [main] INFO  o.s.j.server.handler.ContextHandler - Stopped o.s.j.s.ServletContextHandler@314b9e4b{/,null,STOPPED,@Spark}
2024-12-14 10:52:29 [main] INFO  o.s.j.server.handler.ContextHandler - Started o.s.j.s.ServletContextHandler@581b1c08{/jobs,null,AVAILABLE,@Spark}
2024-12-14 10:52:29 [main] INFO  o.s.j.server.handler.ContextHandler - Started o.s.j.s.ServletContextHandler@78b7f805{/jobs/json,null,AVAILABLE,@Spark}
2024-12-14 10:52:29 [main] INFO  o.s.j.server.handler.ContextHandler - Started o.s.j.s.ServletContextHandler@23468512{/jobs/job,null,AVAILABLE,@Spark}
2024-12-14 10:52:29 [main] INFO  o.s.j.server.handler.ContextHandler - Started o.s.j.s.ServletContextHandler@7e8279e5{/jobs/job/json,null,AVAILABLE,@Spark}
2024-12-14 10:52:29 [main] INFO  o.s.j.server.handler.ContextHandler - Started o.s.j.s.ServletContextHandler@3caafa67{/stages,null,AVAILABLE,@Spark}
2024-12-14 10:52:29 [main] INFO  o.s.j.server.handler.ContextHandler - Started o.s.j.s.ServletContextHandler@53747c4a{/stages/json,null,AVAILABLE,@Spark}
2024-12-14 10:52:29 [main] INFO  o.s.j.server.handler.ContextHandler - Started o.s.j.s.ServletContextHandler@1c61eda5{/stages/stage,null,AVAILABLE,@Spark}
2024-12-14 10:52:29 [main] INFO  o.s.j.server.handler.ContextHandler - Started o.s.j.s.ServletContextHandler@59838256{/stages/stage/json,null,AVAILABLE,@Spark}
2024-12-14 10:52:29 [main] INFO  o.s.j.server.handler.ContextHandler - Started o.s.j.s.ServletContextHandler@5ae15{/stages/pool,null,AVAILABLE,@Spark}
2024-12-14 10:52:29 [main] INFO  o.s.j.server.handler.ContextHandler - Started o.s.j.s.ServletContextHandler@12219f6a{/stages/pool/json,null,AVAILABLE,@Spark}
2024-12-14 10:52:29 [main] INFO  o.s.j.server.handler.ContextHandler - Started o.s.j.s.ServletContextHandler@7f0b93b4{/storage,null,AVAILABLE,@Spark}
2024-12-14 10:52:29 [main] INFO  o.s.j.server.handler.ContextHandler - Started o.s.j.s.ServletContextHandler@1f736d00{/storage/json,null,AVAILABLE,@Spark}
2024-12-14 10:52:29 [main] INFO  o.s.j.server.handler.ContextHandler - Started o.s.j.s.ServletContextHandler@718fd7c1{/storage/rdd,null,AVAILABLE,@Spark}
2024-12-14 10:52:29 [main] INFO  o.s.j.server.handler.ContextHandler - Started o.s.j.s.ServletContextHandler@4f59a516{/storage/rdd/json,null,AVAILABLE,@Spark}
2024-12-14 10:52:29 [main] INFO  o.s.j.server.handler.ContextHandler - Started o.s.j.s.ServletContextHandler@411cd156{/environment,null,AVAILABLE,@Spark}
2024-12-14 10:52:29 [main] INFO  o.s.j.server.handler.ContextHandler - Started o.s.j.s.ServletContextHandler@3e046e39{/environment/json,null,AVAILABLE,@Spark}
2024-12-14 10:52:29 [main] INFO  o.s.j.server.handler.ContextHandler - Started o.s.j.s.ServletContextHandler@46fc522d{/executors,null,AVAILABLE,@Spark}
2024-12-14 10:52:29 [main] INFO  o.s.j.server.handler.ContextHandler - Started o.s.j.s.ServletContextHandler@5f0a2638{/executors/json,null,AVAILABLE,@Spark}
2024-12-14 10:52:29 [main] INFO  o.s.j.server.handler.ContextHandler - Started o.s.j.s.ServletContextHandler@77cb452c{/executors/threadDump,null,AVAILABLE,@Spark}
2024-12-14 10:52:29 [main] INFO  o.s.j.server.handler.ContextHandler - Started o.s.j.s.ServletContextHandler@2c26ba07{/executors/threadDump/json,null,AVAILABLE,@Spark}
2024-12-14 10:52:29 [main] INFO  o.s.j.server.handler.ContextHandler - Started o.s.j.s.ServletContextHandler@42ea7565{/executors/heapHistogram,null,AVAILABLE,@Spark}
2024-12-14 10:52:29 [main] INFO  o.s.j.server.handler.ContextHandler - Started o.s.j.s.ServletContextHandler@62b3a2f6{/executors/heapHistogram/json,null,AVAILABLE,@Spark}
2024-12-14 10:52:29 [main] INFO  o.s.j.server.handler.ContextHandler - Started o.s.j.s.ServletContextHandler@317890ea{/static,null,AVAILABLE,@Spark}
2024-12-14 10:52:29 [main] INFO  o.s.j.server.handler.ContextHandler - Started o.s.j.s.ServletContextHandler@23c767e6{/,null,AVAILABLE,@Spark}
2024-12-14 10:52:29 [main] INFO  o.s.j.server.handler.ContextHandler - Started o.s.j.s.ServletContextHandler@19e21f89{/api,null,AVAILABLE,@Spark}
2024-12-14 10:52:29 [main] INFO  o.s.j.server.handler.ContextHandler - Started o.s.j.s.ServletContextHandler@6909f6be{/jobs/job/kill,null,AVAILABLE,@Spark}
2024-12-14 10:52:29 [main] INFO  o.s.j.server.handler.ContextHandler - Started o.s.j.s.ServletContextHandler@315c081{/stages/stage/kill,null,AVAILABLE,@Spark}
2024-12-14 10:52:29 [main] INFO  o.s.j.server.handler.ContextHandler - Started o.s.j.s.ServletContextHandler@1f782c05{/metrics/json,null,AVAILABLE,@Spark}
Server listening on  /127.0.0.1:8080
2024-12-14 10:53:15 [DashboardAPI-akka.actor.default-dispatcher-10] INFO  c.g.c.h.fs.gcs.GhfsStorageStatistics - Detected potential high latency for operation op_get_file_status. latencyMs=1094; previousMaxLatencyMs=0; operationCount=2; context=gs://scala-spark-temp/sensor-reading/aggregate/json
2024-12-14 10:53:15 [DashboardAPI-akka.actor.default-dispatcher-7] INFO  c.g.c.h.fs.gcs.GhfsStorageStatistics - Detected potential high latency for operation op_get_file_status. latencyMs=1120; previousMaxLatencyMs=1094; operationCount=2; context=gs://scala-spark-temp/sensor-reading/aggregate/json
2024-12-14 10:53:15 [DashboardAPI-akka.actor.default-dispatcher-7] INFO  c.g.c.h.fs.gcs.GhfsStorageStatistics - Detected potential high latency for operation op_list_status. latencyMs=516; previousMaxLatencyMs=352; operationCount=3; context=gs://scala-spark-temp/sensor-reading/aggregate/json
2024-12-14 10:53:16 [DashboardAPI-akka.actor.default-dispatcher-10] INFO  o.s.j.server.handler.ContextHandler - Started o.s.j.s.ServletContextHandler@130aba22{/SQL,null,AVAILABLE,@Spark}
2024-12-14 10:53:16 [DashboardAPI-akka.actor.default-dispatcher-10] INFO  o.s.j.server.handler.ContextHandler - Started o.s.j.s.ServletContextHandler@6397b84c{/SQL/json,null,AVAILABLE,@Spark}
2024-12-14 10:53:16 [DashboardAPI-akka.actor.default-dispatcher-10] INFO  o.s.j.server.handler.ContextHandler - Started o.s.j.s.ServletContextHandler@22b521db{/SQL/execution,null,AVAILABLE,@Spark}
2024-12-14 10:53:16 [DashboardAPI-akka.actor.default-dispatcher-10] INFO  o.s.j.server.handler.ContextHandler - Started o.s.j.s.ServletContextHandler@54e6fd14{/SQL/execution/json,null,AVAILABLE,@Spark}
2024-12-14 10:53:16 [DashboardAPI-akka.actor.default-dispatcher-10] INFO  o.s.j.server.handler.ContextHandler - Started o.s.j.s.ServletContextHandler@70fb40b5{/static/sql,null,AVAILABLE,@Spark}
2024-12-14 10:53:22 [Executor task launch worker for task 1.0 in stage 2.0 (TID 77)] INFO  c.g.c.h.fs.gcs.GhfsStorageStatistics - Detected potential high latency for operation op_open. latencyMs=532; previousMaxLatencyMs=392; operationCount=12; context=gs://scala-spark-temp/sensor-reading/aggregate/json/2024/12/13/23/part-00056-ad4d724d-aeb3-4817-9af7-ce50fafa16e7-c000.json
2024-12-14 10:53:22 [Executor task launch worker for task 0.0 in stage 3.0 (TID 86)] INFO  c.g.c.h.fs.gcs.GhfsStorageStatistics - Detected potential high latency for operation op_open. latencyMs=532; previousMaxLatencyMs=392; operationCount=12; context=gs://scala-spark-temp/sensor-reading/aggregate/json/2024/12/13/23/part-00034-ad4d724d-aeb3-4817-9af7-ce50fafa16e7-c000.json
2024-12-14 11:03:01 [DashboardAPI-akka.actor.default-dispatcher-19] INFO  c.g.c.h.fs.gcs.GhfsStorageStatistics - Detected potential high latency for operation op_get_file_status. latencyMs=1291; previousMaxLatencyMs=1120; operationCount=10; context=gs://scala-spark-temp/sensor-reading/aggregate/json
2024-12-14 11:03:01 [DashboardAPI-akka.actor.default-dispatcher-12] INFO  c.g.c.h.fs.gcs.GhfsStorageStatistics - Detected potential high latency for operation op_get_file_status. latencyMs=1589; previousMaxLatencyMs=1291; operationCount=10; context=gs://scala-spark-temp/sensor-reading/aggregate/json
2024-12-14 11:03:02 [DashboardAPI-akka.actor.default-dispatcher-19] INFO  c.g.c.h.fs.gcs.GhfsStorageStatistics - Detected potential high latency for operation op_list_status. latencyMs=835; previousMaxLatencyMs=516; operationCount=92; context=gs://scala-spark-temp/sensor-reading/aggregate/json/2024/12
Fetching data for sensor sensor-35 from gs://scala-spark-temp/sensor-reading/aggregate/json/2024/12/14/10
Fetching data for sensor sensor-35 from gs://scala-spark-temp/sensor-reading/aggregate/json/2024/12/14/10
2024-12-14 11:03:06 [Executor task launch worker for task 8.0 in stage 6.0 (TID 124)] INFO  c.g.c.h.fs.gcs.GhfsStorageStatistics - Detected potential high latency for operation op_list_status. latencyMs=1274; previousMaxLatencyMs=835; operationCount=143; context=gs://scala-spark-temp/sensor-reading/aggregate/json/2024/12/14/10/part-00019-f878cb3c-a7e8-48f8-9772-9930a7fb52d4-c000.json
2024-12-14 11:03:08 [Executor task launch worker for task 0.0 in stage 8.0 (TID 188)] INFO  c.g.c.h.fs.gcs.GhfsStorageStatistics - Detected potential high latency for operation op_open. latencyMs=604; previousMaxLatencyMs=532; operationCount=161; context=gs://scala-spark-temp/sensor-reading/aggregate/json/2024/12/14/10/part-00034-f878cb3c-a7e8-48f8-9772-9930a7fb52d4-c000.json
2024-12-14 11:03:08 [Executor task launch worker for task 10.0 in stage 8.0 (TID 198)] INFO  c.g.c.h.fs.gcs.GhfsStorageStatistics - Detected potential high latency for operation op_open. latencyMs=1059; previousMaxLatencyMs=604; operationCount=174; context=gs://scala-spark-temp/sensor-reading/aggregate/json/2024/12/14/10/part-00033-f878cb3c-a7e8-48f8-9772-9930a7fb52d4-c000.json
2024-12-14 11:03:10 [Executor task launch worker for task 10.0 in stage 8.0 (TID 198)] INFO  c.g.c.h.fs.gcs.GhfsStorageStatistics - Detected potential high latency for operation stream_read_operations. latencyMs=517; previousMaxLatencyMs=471; operationCount=198; context=gs://scala-spark-temp/sensor-reading/aggregate/json/2024/12/14/10/part-00001-f878cb3c-a7e8-48f8-9772-9930a7fb52d4-c000.json
2024-12-14 11:03:10 [Executor task launch worker for task 5.0 in stage 9.0 (TID 205)] INFO  c.g.c.h.fs.gcs.GhfsStorageStatistics - Detected potential high latency for operation stream_read_operations. latencyMs=1065; previousMaxLatencyMs=517; operationCount=199; context=gs://scala-spark-temp/sensor-reading/aggregate/json/2024/12/14/10/part-00058-f878cb3c-a7e8-48f8-9772-9930a7fb52d4-c000.json
2024-12-14 11:03:11 [Executor task launch worker for task 2.0 in stage 9.0 (TID 202)] INFO  c.g.c.h.fs.gcs.GhfsStorageStatistics - Detected potential high latency for operation stream_read_operations. latencyMs=1118; previousMaxLatencyMs=1065; operationCount=211; context=gs://scala-spark-temp/sensor-reading/aggregate/json/2024/12/14/10/part-00005-f878cb3c-a7e8-48f8-9772-9930a7fb52d4-c000.json
2024-12-14 11:03:12 [Executor task launch worker for task 5.0 in stage 9.0 (TID 205)] INFO  c.g.c.h.fs.gcs.GhfsStorageStatistics - Detected potential high latency for operation op_open. latencyMs=1226; previousMaxLatencyMs=1059; operationCount=232; context=gs://scala-spark-temp/sensor-reading/aggregate/json/2024/12/14/10/part-00009-f878cb3c-a7e8-48f8-9772-9930a7fb52d4-c000.json
Fetching data for sensor sensor-84 from gs://scala-spark-temp/sensor-reading/aggregate/json/2024/12/14/10
Fetching data for sensor sensor-84 from gs://scala-spark-temp/sensor-reading/aggregate/json/2024/12/14/10
2024-12-14 11:03:40 [Executor task launch worker for task 4.0 in stage 20.0 (TID 460)] INFO  c.g.c.h.fs.gcs.GhfsStorageStatistics - Detected potential high latency for operation op_open. latencyMs=1241; previousMaxLatencyMs=1226; operationCount=461; context=gs://scala-spark-temp/sensor-reading/aggregate/json/2024/12/14/10/part-00009-f878cb3c-a7e8-48f8-9772-9930a7fb52d4-c000.json
2024-12-14 11:03:42 [Executor task launch worker for task 4.0 in stage 20.0 (TID 460)] INFO  c.g.c.h.fs.gcs.GhfsStorageStatistics - Detected potential high latency for operation op_open. latencyMs=1298; previousMaxLatencyMs=1241; operationCount=473; context=gs://scala-spark-temp/sensor-reading/aggregate/json/2024/12/14/10/part-00014-f878cb3c-a7e8-48f8-9772-9930a7fb52d4-c000.json
2024-12-14 11:03:42 [Executor task launch worker for task 8.0 in stage 20.0 (TID 464)] INFO  c.g.c.h.fs.gcs.GhfsStorageStatistics - Detected potential high latency for operation stream_read_operations. latencyMs=1187; previousMaxLatencyMs=1118; operationCount=465; context=gs://scala-spark-temp/sensor-reading/aggregate/json/2024/12/14/10/part-00023-f878cb3c-a7e8-48f8-9772-9930a7fb52d4-c000.json
2024-12-14 11:03:46 [Executor task launch worker for task 4.0 in stage 20.0 (TID 460)] INFO  c.g.c.h.fs.gcs.GhfsStorageStatistics - Detected potential high latency for operation stream_read_operations. latencyMs=1353; previousMaxLatencyMs=1187; operationCount=500; context=gs://scala-spark-temp/sensor-reading/aggregate/json/2024/12/14/10/part-00081-f878cb3c-a7e8-48f8-9772-9930a7fb52d4-c000.json
2024-12-14 11:03:46 [Executor task launch worker for task 1.0 in stage 21.0 (TID 467)] INFO  c.g.c.h.fs.gcs.GhfsStorageStatistics - Detected potential high latency for operation op_open. latencyMs=1368; previousMaxLatencyMs=1298; operationCount=513; context=gs://scala-spark-temp/sensor-reading/aggregate/json/2024/12/14/10/part-00031-f878cb3c-a7e8-48f8-9772-9930a7fb52d4-c000.json
2024-12-14 11:03:48 [Executor task launch worker for task 2.0 in stage 21.0 (TID 468)] INFO  c.g.c.h.fs.gcs.GhfsStorageStatistics - Detected potential high latency for operation stream_read_operations. latencyMs=1822; previousMaxLatencyMs=1353; operationCount=516; context=gs://scala-spark-temp/sensor-reading/aggregate/json/2024/12/14/10/part-00020-f878cb3c-a7e8-48f8-9772-9930a7fb52d4-c000.json
2024-12-14 11:03:53 [DashboardAPI-akka.actor.default-dispatcher-12] INFO  akka.actor.ActorSystemImpl - Request timeout encountered for request [GET /api/aggregated-data/sensor-84 Empty]
2024-12-14 11:03:53 [DashboardAPI-akka.actor.default-dispatcher-12] INFO  akka.actor.ActorSystemImpl - Request timeout encountered for request [GET /api/aggregated-data/sensor-84 Empty]
2024-12-14 11:04:28 [DashboardAPI-akka.actor.default-dispatcher-12] INFO  akka.actor.ActorSystemImpl - Request timeout encountered for request [GET /api/aggregated-data Empty]
2024-12-14 11:05:58 [Executor task launch worker for task 61.0 in stage 31.0 (TID 808)] INFO  c.g.c.h.fs.gcs.GhfsStorageStatistics - Detected potential high latency for operation op_list_status. latencyMs=1338; previousMaxLatencyMs=1274; operationCount=672; context=gs://scala-spark-temp/sensor-reading/aggregate/json/2024/12/14/10/part-00162-f878cb3c-a7e8-48f8-9772-9930a7fb52d4-c000.json
2024-12-14 11:06:10 [DashboardAPI-akka.actor.default-dispatcher-13] INFO  akka.actor.ActorSystemImpl - Request timeout encountered for request [GET /api/aggregated-data Empty]
2024-12-14 11:06:10 [DashboardAPI-akka.actor.default-dispatcher-13] INFO  akka.actor.ActorSystemImpl - Request timeout encountered for request [GET /api/aggregated-data Empty]
2024-12-14 11:06:32 [shutdown-hook-0] INFO  o.s.jetty.server.AbstractConnector - Stopped Spark@2e26173{HTTP/1.1, (http/1.1)}{0.0.0.0:4040}
