SLF4J(W): Class path contains multiple SLF4J providers.
SLF4J(W): Found provider [ch.qos.logback.classic.spi.LogbackServiceProvider@227232ca]
SLF4J(W): Found provider [org.apache.logging.slf4j.SLF4JServiceProvider@3879649f]
SLF4J(W): See https://www.slf4j.org/codes.html#multiple_bindings for an explanation.
SLF4J(I): Connected with provider of type [ch.qos.logback.classic.spi.LogbackServiceProvider]
2024-12-13 22:53:48 [SensorDataProducerSystem-akka.actor.default-dispatcher-6] INFO  akka.event.slf4j.Slf4jLogger - Slf4jLogger started
2024-12-13 22:53:48 [SensorDataProducerSystem-akka.actor.default-dispatcher-6] WARN  akka.actor.ActorSystemImpl - Dev use only. Free keys at https://akka.io/key
Generated SensorReading: TemperatureSensorEntity(sensor-51,1734110629357,101.6698,8.183611)
Generated SensorReading: TemperatureSensorEntity(sensor-92,1734110630373,8.569599,22.16574)
Generated SensorReading: TemperatureSensorEntity(sensor-18,1734110631393,-16.627754,53.658813)
Generated SensorReading: TemperatureSensorEntity(sensor-35,1734110632413,90.87332,52.8102)
Generated SensorReading: TemperatureSensorEntity(sensor-10,1734110633432,-32.859337,11.031121)
Generated SensorReading: TemperatureSensorEntity(sensor-92,1734110634453,70.25087,33.78381)
Generated SensorReading: TemperatureSensorEntity(sensor-8,1734110635473,116.64072,78.78215)
Generated SensorReading: TemperatureSensorEntity(sensor-45,1734110636493,131.50792,93.09969)
Generated SensorReading: TemperatureSensorEntity(sensor-98,1734110637512,98.85051,50.99021)
Generated SensorReading: TemperatureSensorEntity(sensor-80,1734110638533,-27.21287,10.267782)
Generated SensorReading: TemperatureSensorEntity(sensor-12,1734110639552,121.12213,47.098465)
Generated SensorReading: TemperatureSensorEntity(sensor-27,1734110640572,-34.84385,5.0530014)
Generated SensorReading: TemperatureSensorEntity(sensor-74,1734110641592,-39.200447,59.077507)
Generated SensorReading: TemperatureSensorEntity(sensor-8,1734110642612,-12.413372,92.1067)
Generated SensorReading: TemperatureSensorEntity(sensor-96,1734110643632,135.50554,65.65084)
Generated SensorReading: TemperatureSensorEntity(sensor-50,1734110644652,-35.228275,3.1949162)
Generated SensorReading: TemperatureSensorEntity(sensor-24,1734110645672,111.180695,65.17723)
Generated SensorReading: TemperatureSensorEntity(sensor-69,1734110646692,42.338417,20.534914)
Generated SensorReading: TemperatureSensorEntity(sensor-41,1734110647713,92.134796,92.21236)
Generated SensorReading: TemperatureSensorEntity(sensor-52,1734110648732,0.4200096,45.592403)
Generated SensorReading: TemperatureSensorEntity(sensor-34,1734110649752,-10.171734,31.672638)
Generated SensorReading: TemperatureSensorEntity(sensor-28,1734110650772,91.00986,4.567826)
Generated SensorReading: TemperatureSensorEntity(sensor-100,1734110651791,133.52318,83.1796)
Generated SensorReading: TemperatureSensorEntity(sensor-11,1734110652812,110.57362,60.569805)
Generated SensorReading: TemperatureSensorEntity(sensor-63,1734110653832,98.120316,22.10582)
Generated SensorReading: TemperatureSensorEntity(sensor-67,1734110654852,78.804535,29.034662)
Generated SensorReading: TemperatureSensorEntity(sensor-10,1734110655872,111.850586,75.78729)
Generated SensorReading: TemperatureSensorEntity(sensor-76,1734110656892,48.435806,57.627018)
Generated SensorReading: TemperatureSensorEntity(sensor-76,1734110657912,-0.59955215,54.20248)
Generated SensorReading: TemperatureSensorEntity(sensor-84,1734110658931,-33.839344,81.16481)
Generated SensorReading: TemperatureSensorEntity(sensor-70,1734110659952,47.539726,38.731033)
Generated SensorReading: TemperatureSensorEntity(sensor-41,1734110660972,87.839615,8.913172)
Generated SensorReading: TemperatureSensorEntity(sensor-10,1734110661991,99.33363,42.548073)
Generated SensorReading: TemperatureSensorEntity(sensor-34,1734110663012,88.21428,86.52302)
Generated SensorReading: TemperatureSensorEntity(sensor-53,1734110664033,-13.618397,46.91831)
Generated SensorReading: TemperatureSensorEntity(sensor-26,1734110665053,-24.08216,98.84249)
Generated SensorReading: TemperatureSensorEntity(sensor-82,1734110666071,42.30809,91.803535)
Generated SensorReading: TemperatureSensorEntity(sensor-66,1734110667093,84.188354,39.107983)
Generated SensorReading: TemperatureSensorEntity(sensor-89,1734110668112,15.609695,97.63557)
Generated SensorReading: TemperatureSensorEntity(sensor-25,1734110669133,77.54869,72.71236)
Generated SensorReading: TemperatureSensorEntity(sensor-41,1734110670152,108.799515,14.903688)
Generated SensorReading: TemperatureSensorEntity(sensor-7,1734110671172,78.05942,37.66874)
Generated SensorReading: TemperatureSensorEntity(sensor-87,1734110672192,-9.495831,78.81735)
Generated SensorReading: TemperatureSensorEntity(sensor-93,1734110673211,-32.592728,3.4075856)
Generated SensorReading: TemperatureSensorEntity(sensor-17,1734110674232,30.658401,78.927246)
Generated SensorReading: TemperatureSensorEntity(sensor-76,1734110675253,142.6386,70.384605)
Generated SensorReading: TemperatureSensorEntity(sensor-70,1734110676271,106.60977,28.163147)
Generated SensorReading: TemperatureSensorEntity(sensor-53,1734110677293,84.02069,51.045918)
Generated SensorReading: TemperatureSensorEntity(sensor-1,1734110678312,102.07298,4.440254)
Generated SensorReading: TemperatureSensorEntity(sensor-43,1734110679331,70.79728,34.811256)
Generated SensorReading: TemperatureSensorEntity(sensor-38,1734110680353,9.92149,23.338717)
Generated SensorReading: TemperatureSensorEntity(sensor-34,1734110681371,8.134033,31.02392)
Generated SensorReading: TemperatureSensorEntity(sensor-29,1734110682392,83.38222,90.70788)
Generated SensorReading: TemperatureSensorEntity(sensor-70,1734110683410,18.757462,18.424194)
Generated SensorReading: TemperatureSensorEntity(sensor-58,1734110684431,-40.750717,18.12846)
Generated SensorReading: TemperatureSensorEntity(sensor-25,1734110685451,103.425415,78.33188)
Generated SensorReading: TemperatureSensorEntity(sensor-79,1734110686473,137.22395,11.293566)
Generated SensorReading: TemperatureSensorEntity(sensor-43,1734110687492,7.8191147,68.38055)
Generated SensorReading: TemperatureSensorEntity(sensor-31,1734110688512,91.61366,72.81765)
Generated SensorReading: TemperatureSensorEntity(sensor-47,1734110689531,146.50919,1.8811882)
Generated SensorReading: TemperatureSensorEntity(sensor-74,1734110690550,-49.665726,22.707975)
Generated SensorReading: TemperatureSensorEntity(sensor-13,1734110691573,-24.852026,35.651676)
Generated SensorReading: TemperatureSensorEntity(sensor-49,1734110692590,-47.483276,15.8611355)
Generated SensorReading: TemperatureSensorEntity(sensor-55,1734110693612,-42.533813,43.276215)
Generated SensorReading: TemperatureSensorEntity(sensor-80,1734110694632,62.67475,76.85855)
Generated SensorReading: TemperatureSensorEntity(sensor-26,1734110695652,-24.2859,19.017374)
Generated SensorReading: TemperatureSensorEntity(sensor-27,1734110696672,57.22499,50.557102)
Generated SensorReading: TemperatureSensorEntity(sensor-26,1734110697692,50.938942,75.99889)
Generated SensorReading: TemperatureSensorEntity(sensor-91,1734110698712,15.835381,98.447426)
Generated SensorReading: TemperatureSensorEntity(sensor-98,1734110699732,-47.55925,56.312267)
Generated SensorReading: TemperatureSensorEntity(sensor-51,1734110700753,-24.889421,78.44801)
Generated SensorReading: TemperatureSensorEntity(sensor-4,1734110701772,87.10449,19.082434)
Generated SensorReading: TemperatureSensorEntity(sensor-100,1734110702793,46.60295,26.971167)
Generated SensorReading: TemperatureSensorEntity(sensor-86,1734110703812,128.26022,3.7175357)
Generated SensorReading: TemperatureSensorEntity(sensor-4,1734110704832,64.32139,29.910696)
Generated SensorReading: TemperatureSensorEntity(sensor-51,1734110705852,-15.559494,64.43905)
Generated SensorReading: TemperatureSensorEntity(sensor-14,1734110706871,-24.672747,73.82946)
Generated SensorReading: TemperatureSensorEntity(sensor-93,1734110707892,122.117325,15.925133)
Generated SensorReading: TemperatureSensorEntity(sensor-90,1734110708911,125.659256,62.205307)
Generated SensorReading: TemperatureSensorEntity(sensor-21,1734110709931,31.85701,79.17447)
Generated SensorReading: TemperatureSensorEntity(sensor-94,1734110710951,92.771774,75.92605)
Generated SensorReading: TemperatureSensorEntity(sensor-8,1734110711972,62.925064,39.98381)
Generated SensorReading: TemperatureSensorEntity(sensor-24,1734110712992,148.98335,32.39826)
Generated SensorReading: TemperatureSensorEntity(sensor-26,1734110714011,23.07904,98.25383)
Generated SensorReading: TemperatureSensorEntity(sensor-72,1734110715032,38.381126,54.158604)
Generated SensorReading: TemperatureSensorEntity(sensor-96,1734110716050,-45.148945,80.07007)
Generated SensorReading: TemperatureSensorEntity(sensor-56,1734110717071,-41.45627,64.26448)
Generated SensorReading: TemperatureSensorEntity(sensor-95,1734110718090,144.60986,53.25182)
Generated SensorReading: TemperatureSensorEntity(sensor-25,1734110719112,126.59537,97.894196)
Generated SensorReading: TemperatureSensorEntity(sensor-97,1734110720132,39.761185,88.00466)
Generated SensorReading: TemperatureSensorEntity(sensor-52,1734110721150,50.5831,77.65371)
Generated SensorReading: TemperatureSensorEntity(sensor-35,1734110722173,140.53421,28.785397)
Generated SensorReading: TemperatureSensorEntity(sensor-95,1734110723192,39.6211,82.90294)
Generated SensorReading: TemperatureSensorEntity(sensor-66,1734110724213,85.70717,10.934555)
Generated SensorReading: TemperatureSensorEntity(sensor-24,1734110725233,-8.106113,19.956)
Generated SensorReading: TemperatureSensorEntity(sensor-96,1734110726252,110.059326,18.436844)
Generated SensorReading: TemperatureSensorEntity(sensor-7,1734110727272,122.94162,1.6996503)
Generated SensorReading: TemperatureSensorEntity(sensor-47,1734110728293,103.431885,51.288635)
Generated SensorReading: TemperatureSensorEntity(sensor-100,1734110729311,5.7267075,52.24312)
Generated SensorReading: TemperatureSensorEntity(sensor-67,1734110730331,71.14357,90.06461)
Generated SensorReading: TemperatureSensorEntity(sensor-30,1734110731351,136.19423,1.6848028)
Generated SensorReading: TemperatureSensorEntity(sensor-33,1734110732372,27.270195,0.14576316)
Generated SensorReading: TemperatureSensorEntity(sensor-32,1734110733392,114.837265,78.351555)
Generated SensorReading: TemperatureSensorEntity(sensor-92,1734110734412,46.802162,19.590885)
Generated SensorReading: TemperatureSensorEntity(sensor-65,1734110735430,103.62056,21.183443)
Generated SensorReading: TemperatureSensorEntity(sensor-61,1734110736451,85.705215,20.968777)
Generated SensorReading: TemperatureSensorEntity(sensor-19,1734110737471,103.225784,30.5044)
Generated SensorReading: TemperatureSensorEntity(sensor-69,1734110738492,47.559288,20.558865)
Generated SensorReading: TemperatureSensorEntity(sensor-66,1734110739511,36.238792,18.191338)
Generated SensorReading: TemperatureSensorEntity(sensor-61,1734110740531,95.24327,30.885065)
Generated SensorReading: TemperatureSensorEntity(sensor-83,1734110741550,70.33706,17.875422)
Generated SensorReading: TemperatureSensorEntity(sensor-30,1734110742570,-21.237051,71.56719)
Generated SensorReading: TemperatureSensorEntity(sensor-39,1734110743592,57.701477,56.527847)
Generated SensorReading: TemperatureSensorEntity(sensor-96,1734110744611,26.105331,38.15139)
Generated SensorReading: TemperatureSensorEntity(sensor-51,1734110745632,15.594955,18.547886)
Generated SensorReading: TemperatureSensorEntity(sensor-94,1734110746650,-13.306091,17.398321)
Generated SensorReading: TemperatureSensorEntity(sensor-78,1734110747672,137.37341,52.778114)
Generated SensorReading: TemperatureSensorEntity(sensor-42,1734110748690,-31.709349,1.130116)
Generated SensorReading: TemperatureSensorEntity(sensor-67,1734110749712,147.96379,25.32205)
Generated SensorReading: TemperatureSensorEntity(sensor-97,1734110750731,61.05944,14.2348585)
Generated SensorReading: TemperatureSensorEntity(sensor-18,1734110751752,131.74785,71.93331)
Generated SensorReading: TemperatureSensorEntity(sensor-84,1734110752772,-47.487938,22.218752)
Generated SensorReading: TemperatureSensorEntity(sensor-92,1734110753790,64.95522,2.4208486)
Generated SensorReading: TemperatureSensorEntity(sensor-13,1734110754810,68.919525,81.46384)
Generated SensorReading: TemperatureSensorEntity(sensor-95,1734110755832,-42.45081,65.49622)
Generated SensorReading: TemperatureSensorEntity(sensor-47,1734110756853,104.87126,43.092243)
Generated SensorReading: TemperatureSensorEntity(sensor-86,1734110757872,-2.2971153,44.917183)
Generated SensorReading: TemperatureSensorEntity(sensor-8,1734110758891,138.57162,68.549614)
Generated SensorReading: TemperatureSensorEntity(sensor-1,1734110759910,-0.24668121,71.93508)
Generated SensorReading: TemperatureSensorEntity(sensor-89,1734110760931,11.350952,70.90546)
Generated SensorReading: TemperatureSensorEntity(sensor-76,1734110761952,42.355385,63.176907)
Generated SensorReading: TemperatureSensorEntity(sensor-9,1734110762971,120.524216,6.348485)
Generated SensorReading: TemperatureSensorEntity(sensor-23,1734110763992,12.677921,93.105156)
Generated SensorReading: TemperatureSensorEntity(sensor-70,1734110765012,-15.462399,11.51458)
Generated SensorReading: TemperatureSensorEntity(sensor-19,1734110766032,71.408295,9.236079)
Generated SensorReading: TemperatureSensorEntity(sensor-19,1734110767051,2.3938904,78.76368)
Generated SensorReading: TemperatureSensorEntity(sensor-22,1734110768072,-45.99141,42.416096)
Generated SensorReading: TemperatureSensorEntity(sensor-28,1734110769092,28.617645,80.253174)
Generated SensorReading: TemperatureSensorEntity(sensor-60,1734110770110,-20.59306,75.20473)
Generated SensorReading: TemperatureSensorEntity(sensor-98,1734110771130,-31.781721,68.208786)
Generated SensorReading: TemperatureSensorEntity(sensor-12,1734110772150,36.269485,50.340973)
Generated SensorReading: TemperatureSensorEntity(sensor-21,1734110773170,29.651001,85.46893)
Generated SensorReading: TemperatureSensorEntity(sensor-88,1734110774192,12.770237,90.84283)
Generated SensorReading: TemperatureSensorEntity(sensor-24,1734110775210,90.013504,22.058178)
Generated SensorReading: TemperatureSensorEntity(sensor-72,1734110776232,-41.676544,53.017067)
Generated SensorReading: TemperatureSensorEntity(sensor-15,1734110777251,118.332214,59.209026)
Generated SensorReading: TemperatureSensorEntity(sensor-99,1734110778270,-30.23951,29.658676)
Generated SensorReading: TemperatureSensorEntity(sensor-52,1734110779291,-12.977745,86.90059)
Generated SensorReading: TemperatureSensorEntity(sensor-96,1734110780311,145.88179,71.29112)
Generated SensorReading: TemperatureSensorEntity(sensor-33,1734110781331,95.69052,34.6372)
Generated SensorReading: TemperatureSensorEntity(sensor-97,1734110782351,149.67249,62.440765)
Generated SensorReading: TemperatureSensorEntity(sensor-72,1734110783371,149.47343,22.448057)
Generated SensorReading: TemperatureSensorEntity(sensor-19,1734110784392,73.974014,75.1645)
Generated SensorReading: TemperatureSensorEntity(sensor-86,1734110785410,134.12021,24.667501)
Generated SensorReading: TemperatureSensorEntity(sensor-96,1734110786431,-44.66556,22.197365)
Generated SensorReading: TemperatureSensorEntity(sensor-93,1734110787451,9.157467,51.54824)
Generated SensorReading: TemperatureSensorEntity(sensor-92,1734110788472,39.507248,85.1844)
Generated SensorReading: TemperatureSensorEntity(sensor-87,1734110789491,-5.690132,41.785645)
Generated SensorReading: TemperatureSensorEntity(sensor-70,1734110790512,94.57303,24.124664)
Generated SensorReading: TemperatureSensorEntity(sensor-15,1734110791532,-44.05918,20.751036)
Generated SensorReading: TemperatureSensorEntity(sensor-56,1734110792552,106.44002,74.33156)
Generated SensorReading: TemperatureSensorEntity(sensor-8,1734110793571,-17.530678,58.16646)
Generated SensorReading: TemperatureSensorEntity(sensor-54,1734110794591,128.33995,13.474274)
Generated SensorReading: TemperatureSensorEntity(sensor-47,1734110795610,1.5989647,35.82489)
Generated SensorReading: TemperatureSensorEntity(sensor-53,1734110796632,-47.910427,36.236603)
Generated SensorReading: TemperatureSensorEntity(sensor-98,1734110797651,33.02263,48.23808)
Generated SensorReading: TemperatureSensorEntity(sensor-44,1734110798670,129.04936,49.00112)
Generated SensorReading: TemperatureSensorEntity(sensor-37,1734110799691,131.01678,26.728195)
Generated SensorReading: TemperatureSensorEntity(sensor-60,1734110800711,27.44323,86.41666)
Generated SensorReading: TemperatureSensorEntity(sensor-71,1734110801730,82.8116,85.232574)
Generated SensorReading: TemperatureSensorEntity(sensor-94,1734110802752,55.02832,11.937958)
Generated SensorReading: TemperatureSensorEntity(sensor-92,1734110803772,53.739952,69.72551)
Generated SensorReading: TemperatureSensorEntity(sensor-49,1734110804791,118.185684,69.39931)
Generated SensorReading: TemperatureSensorEntity(sensor-36,1734110805810,18.873276,98.62662)
Generated SensorReading: TemperatureSensorEntity(sensor-87,1734110806831,137.90742,12.994486)
Generated SensorReading: TemperatureSensorEntity(sensor-100,1734110807850,70.78758,13.195551)
Generated SensorReading: TemperatureSensorEntity(sensor-41,1734110808871,101.99217,86.26874)
Generated SensorReading: TemperatureSensorEntity(sensor-69,1734110809891,-30.06718,2.531892)
Generated SensorReading: TemperatureSensorEntity(sensor-39,1734110810912,0.72042847,41.48765)
Generated SensorReading: TemperatureSensorEntity(sensor-41,1734110811931,44.155655,85.49313)
Generated SensorReading: TemperatureSensorEntity(sensor-17,1734110812950,71.35713,12.941467)
Generated SensorReading: TemperatureSensorEntity(sensor-53,1734110813971,-19.32267,5.0463915)
Generated SensorReading: TemperatureSensorEntity(sensor-56,1734110814990,-33.738495,11.081326)
Generated SensorReading: TemperatureSensorEntity(sensor-35,1734110816012,138.0307,4.9721003)
Generated SensorReading: TemperatureSensorEntity(sensor-42,1734110817029,94.08475,1.4080882)
Generated SensorReading: TemperatureSensorEntity(sensor-45,1734110818051,-11.68729,26.516336)
Generated SensorReading: TemperatureSensorEntity(sensor-51,1734110819072,28.060165,41.393272)
Generated SensorReading: TemperatureSensorEntity(sensor-31,1734110820091,76.74378,15.612799)
Generated SensorReading: TemperatureSensorEntity(sensor-69,1734110821112,64.196106,94.7503)
Generated SensorReading: TemperatureSensorEntity(sensor-82,1734110822132,15.391502,28.963196)
Generated SensorReading: TemperatureSensorEntity(sensor-62,1734110823150,-0.25043488,20.497269)
Generated SensorReading: TemperatureSensorEntity(sensor-70,1734110824170,17.153824,67.971436)
Generated SensorReading: TemperatureSensorEntity(sensor-1,1734110825190,37.41487,15.88583)
Generated SensorReading: TemperatureSensorEntity(sensor-17,1734110826210,25.85038,70.16703)
Generated SensorReading: TemperatureSensorEntity(sensor-47,1734110827230,51.56691,2.62717)
Generated SensorReading: TemperatureSensorEntity(sensor-82,1734110828251,-8.442352,90.4164)
Generated SensorReading: TemperatureSensorEntity(sensor-56,1734110829271,14.961563,32.07019)
Generated SensorReading: TemperatureSensorEntity(sensor-88,1734110830291,-41.09993,91.82072)
Generated SensorReading: TemperatureSensorEntity(sensor-83,1734110831311,113.55681,51.635807)
Generated SensorReading: TemperatureSensorEntity(sensor-40,1734110832331,67.358574,15.560257)
Generated SensorReading: TemperatureSensorEntity(sensor-83,1734110833350,38.87522,47.994953)
Generated SensorReading: TemperatureSensorEntity(sensor-30,1734110834371,76.03162,71.720634)
Generated SensorReading: TemperatureSensorEntity(sensor-86,1734110835392,-38.55519,73.3683)
Generated SensorReading: TemperatureSensorEntity(sensor-33,1734110836411,-35.562695,61.84585)
Generated SensorReading: TemperatureSensorEntity(sensor-39,1734110837431,77.62096,34.105217)
Generated SensorReading: TemperatureSensorEntity(sensor-43,1734110838450,19.981453,72.26664)
Generated SensorReading: TemperatureSensorEntity(sensor-59,1734110839471,100.17784,29.409473)
Generated SensorReading: TemperatureSensorEntity(sensor-25,1734110840491,40.185295,20.49871)
Generated SensorReading: TemperatureSensorEntity(sensor-61,1734110841509,32.842728,71.19011)
Generated SensorReading: TemperatureSensorEntity(sensor-66,1734110842530,102.94595,0.92492104)
Generated SensorReading: TemperatureSensorEntity(sensor-55,1734110843551,-21.760607,66.927666)
Generated SensorReading: TemperatureSensorEntity(sensor-9,1734110844571,12.082874,68.30063)
Generated SensorReading: TemperatureSensorEntity(sensor-73,1734110845592,-8.336449,53.493004)
Generated SensorReading: TemperatureSensorEntity(sensor-69,1734110846612,98.44461,29.264652)
Generated SensorReading: TemperatureSensorEntity(sensor-62,1734110847630,68.855606,71.76955)
Generated SensorReading: TemperatureSensorEntity(sensor-38,1734110848649,52.008453,51.34363)
Generated SensorReading: TemperatureSensorEntity(sensor-44,1734110849670,123.179565,80.092995)
Generated SensorReading: TemperatureSensorEntity(sensor-79,1734110850692,12.66309,54.404976)
Generated SensorReading: TemperatureSensorEntity(sensor-3,1734110851711,-32.685078,77.70719)
Generated SensorReading: TemperatureSensorEntity(sensor-31,1734110852730,115.503555,53.24971)
Generated SensorReading: TemperatureSensorEntity(sensor-23,1734110853750,-3.6283493,16.114628)
Generated SensorReading: TemperatureSensorEntity(sensor-17,1734110854770,34.402046,6.0819683)
Generated SensorReading: TemperatureSensorEntity(sensor-46,1734110855790,111.393234,77.8812)
Generated SensorReading: TemperatureSensorEntity(sensor-40,1734110856810,20.217323,42.137463)
Generated SensorReading: TemperatureSensorEntity(sensor-56,1734110857831,137.57706,82.85482)
Generated SensorReading: TemperatureSensorEntity(sensor-42,1734110858851,107.32959,22.131687)
Generated SensorReading: TemperatureSensorEntity(sensor-91,1734110859871,128.25871,55.042576)
Generated SensorReading: TemperatureSensorEntity(sensor-90,1734110860891,64.81442,57.41695)
Generated SensorReading: TemperatureSensorEntity(sensor-56,1734110861910,91.306335,49.0373)
Generated SensorReading: TemperatureSensorEntity(sensor-5,1734110862931,105.37236,20.239527)
Generated SensorReading: TemperatureSensorEntity(sensor-49,1734110863951,149.54265,6.1269283)
Generated SensorReading: TemperatureSensorEntity(sensor-26,1734110864969,83.72977,53.521816)
Generated SensorReading: TemperatureSensorEntity(sensor-67,1734110865990,75.31571,27.416515)
Generated SensorReading: TemperatureSensorEntity(sensor-82,1734110867010,14.948608,61.769146)
Generated SensorReading: TemperatureSensorEntity(sensor-52,1734110868029,79.20145,0.8938134)
Generated SensorReading: TemperatureSensorEntity(sensor-14,1734110869049,12.143005,20.852703)
Generated SensorReading: TemperatureSensorEntity(sensor-81,1734110870070,-9.415459,13.593679)
Generated SensorReading: TemperatureSensorEntity(sensor-85,1734110871091,101.38214,28.985018)
Generated SensorReading: TemperatureSensorEntity(sensor-45,1734110872111,118.43149,11.661583)
Generated SensorReading: TemperatureSensorEntity(sensor-63,1734110873130,34.15155,92.106125)
Generated SensorReading: TemperatureSensorEntity(sensor-74,1734110874151,54.709496,42.35235)
Generated SensorReading: TemperatureSensorEntity(sensor-6,1734110875170,148.15698,56.837975)
Generated SensorReading: TemperatureSensorEntity(sensor-33,1734110876191,79.675156,45.335358)
Generated SensorReading: TemperatureSensorEntity(sensor-40,1734110877211,96.9456,57.083492)
Generated SensorReading: TemperatureSensorEntity(sensor-85,1734110878230,53.094772,34.683548)
Generated SensorReading: TemperatureSensorEntity(sensor-93,1734110879250,65.46345,78.69611)
Generated SensorReading: TemperatureSensorEntity(sensor-25,1734110880270,98.49802,24.66852)
Generated SensorReading: TemperatureSensorEntity(sensor-5,1734110881290,83.307434,22.988241)
Generated SensorReading: TemperatureSensorEntity(sensor-17,1734110882310,-39.551903,93.001755)
Generated SensorReading: TemperatureSensorEntity(sensor-39,1734110883329,49.415146,58.16651)
Generated SensorReading: TemperatureSensorEntity(sensor-34,1734110884351,-21.986198,13.661396)
Generated SensorReading: TemperatureSensorEntity(sensor-84,1734110885372,-20.676685,96.78539)
Generated SensorReading: TemperatureSensorEntity(sensor-56,1734110886389,-25.881027,98.34074)
