SLF4J: Class path contains multiple SLF4J providers.
SLF4J: Found provider [ch.qos.logback.classic.spi.LogbackServiceProvider@4f587fda]
SLF4J: Found provider [org.apache.logging.slf4j.SLF4JServiceProvider@79a2a856]
SLF4J: See https://www.slf4j.org/codes.html#multiple_bindings for an explanation.
SLF4J: Actual provider is of type [ch.qos.logback.classic.spi.LogbackServiceProvider@4f587fda]
2024-12-12 03:22:13 [KafkaProtobufSalesProducer-akka.actor.default-dispatcher-6] INFO  akka.event.slf4j.Slf4jLogger - Slf4jLogger started
Kafka Sales Producer application starting...
Generated SalesRecord: SalesRecord(5,18,2024-12-12,1761.0186,true,UnknownFieldSet(Map()))
Generated SalesRecord: SalesRecord(9,0,2024-12-12,1514.571,true,UnknownFieldSet(Map()))
Generated SalesRecord: SalesRecord(0,16,2024-12-12,1445.3156,false,UnknownFieldSet(Map()))
Generated SalesRecord: SalesRecord(3,7,2024-12-12,1733.884,true,UnknownFieldSet(Map()))
Generated SalesRecord: SalesRecord(2,3,2024-12-12,1178.9542,true,UnknownFieldSet(Map()))
Generated SalesRecord: SalesRecord(9,18,2024-12-12,1470.2317,false,UnknownFieldSet(Map()))
Generated SalesRecord: SalesRecord(6,12,2024-12-12,1131.2383,true,UnknownFieldSet(Map()))
Generated SalesRecord: SalesRecord(0,11,2024-12-12,1346.0237,true,UnknownFieldSet(Map()))
Generated SalesRecord: SalesRecord(9,17,2024-12-12,1376.1708,false,UnknownFieldSet(Map()))
Generated SalesRecord: SalesRecord(1,16,2024-12-12,1219.908,true,UnknownFieldSet(Map()))
Generated SalesRecord: SalesRecord(8,1,2024-12-12,1299.1111,true,UnknownFieldSet(Map()))
Generated SalesRecord: SalesRecord(6,18,2024-12-12,1533.4729,false,UnknownFieldSet(Map()))
Generated SalesRecord: SalesRecord(2,3,2024-12-12,1190.721,true,UnknownFieldSet(Map()))
Generated SalesRecord: SalesRecord(5,12,2024-12-12,1419.715,true,UnknownFieldSet(Map()))
Generated SalesRecord: SalesRecord(4,6,2024-12-12,1677.3955,true,UnknownFieldSet(Map()))
Generated SalesRecord: SalesRecord(5,11,2024-12-12,1164.3672,true,UnknownFieldSet(Map()))
Generated SalesRecord: SalesRecord(6,4,2024-12-12,1466.487,false,UnknownFieldSet(Map()))
Generated SalesRecord: SalesRecord(3,18,2024-12-12,1455.9093,true,UnknownFieldSet(Map()))
Generated SalesRecord: SalesRecord(1,16,2024-12-12,1994.97,false,UnknownFieldSet(Map()))
Generated SalesRecord: SalesRecord(2,17,2024-12-12,1486.0583,true,UnknownFieldSet(Map()))
Generated SalesRecord: SalesRecord(0,13,2024-12-12,1961.8049,true,UnknownFieldSet(Map()))
Generated SalesRecord: SalesRecord(7,15,2024-12-12,1369.7634,true,UnknownFieldSet(Map()))
Generated SalesRecord: SalesRecord(7,7,2024-12-12,1397.1086,true,UnknownFieldSet(Map()))
Generated SalesRecord: SalesRecord(5,17,2024-12-12,1542.2073,false,UnknownFieldSet(Map()))
Generated SalesRecord: SalesRecord(6,19,2024-12-12,1875.3358,true,UnknownFieldSet(Map()))
Generated SalesRecord: SalesRecord(9,2,2024-12-12,1760.0405,true,UnknownFieldSet(Map()))
Generated SalesRecord: SalesRecord(1,4,2024-12-12,1715.0359,false,UnknownFieldSet(Map()))
Generated SalesRecord: SalesRecord(7,19,2024-12-12,1085.0548,true,UnknownFieldSet(Map()))
Generated SalesRecord: SalesRecord(0,10,2024-12-12,1524.3433,true,UnknownFieldSet(Map()))
Generated SalesRecord: SalesRecord(7,10,2024-12-12,1760.7245,false,UnknownFieldSet(Map()))
Generated SalesRecord: SalesRecord(1,3,2024-12-12,1249.215,false,UnknownFieldSet(Map()))
Generated SalesRecord: SalesRecord(0,17,2024-12-12,1205.5256,true,UnknownFieldSet(Map()))
Generated SalesRecord: SalesRecord(8,18,2024-12-12,1960.5315,true,UnknownFieldSet(Map()))
Generated SalesRecord: SalesRecord(6,14,2024-12-12,1441.6638,false,UnknownFieldSet(Map()))
Generated SalesRecord: SalesRecord(4,2,2024-12-12,1976.5247,true,UnknownFieldSet(Map()))
Generated SalesRecord: SalesRecord(5,9,2024-12-12,1153.8253,false,UnknownFieldSet(Map()))
Generated SalesRecord: SalesRecord(7,17,2024-12-12,1558.6011,true,UnknownFieldSet(Map()))
Generated SalesRecord: SalesRecord(1,10,2024-12-12,1229.7838,false,UnknownFieldSet(Map()))
Generated SalesRecord: SalesRecord(9,11,2024-12-12,1341.4818,false,UnknownFieldSet(Map()))
Generated SalesRecord: SalesRecord(9,2,2024-12-12,1073.1821,false,UnknownFieldSet(Map()))
Generated SalesRecord: SalesRecord(6,5,2024-12-12,1862.6766,false,UnknownFieldSet(Map()))
Generated SalesRecord: SalesRecord(7,11,2024-12-12,1198.5236,true,UnknownFieldSet(Map()))
Generated SalesRecord: SalesRecord(3,8,2024-12-12,1041.6661,false,UnknownFieldSet(Map()))
Generated SalesRecord: SalesRecord(9,15,2024-12-12,1619.3937,true,UnknownFieldSet(Map()))
Generated SalesRecord: SalesRecord(6,6,2024-12-12,1225.7668,true,UnknownFieldSet(Map()))
Generated SalesRecord: SalesRecord(8,15,2024-12-12,1323.1547,false,UnknownFieldSet(Map()))
Generated SalesRecord: SalesRecord(9,13,2024-12-12,1467.502,true,UnknownFieldSet(Map()))
Generated SalesRecord: SalesRecord(7,5,2024-12-12,1688.8315,false,UnknownFieldSet(Map()))
Generated SalesRecord: SalesRecord(7,17,2024-12-12,1027.4081,true,UnknownFieldSet(Map()))
Generated SalesRecord: SalesRecord(8,4,2024-12-12,1049.638,false,UnknownFieldSet(Map()))
Generated SalesRecord: SalesRecord(9,8,2024-12-12,1706.5541,true,UnknownFieldSet(Map()))
Generated SalesRecord: SalesRecord(0,16,2024-12-12,1727.5632,true,UnknownFieldSet(Map()))
Generated SalesRecord: SalesRecord(5,5,2024-12-12,1504.6522,true,UnknownFieldSet(Map()))
Generated SalesRecord: SalesRecord(5,13,2024-12-12,1774.6726,false,UnknownFieldSet(Map()))
Generated SalesRecord: SalesRecord(3,11,2024-12-12,1272.4955,false,UnknownFieldSet(Map()))
Generated SalesRecord: SalesRecord(4,18,2024-12-12,1344.2443,true,UnknownFieldSet(Map()))
Generated SalesRecord: SalesRecord(3,4,2024-12-12,1481.5515,false,UnknownFieldSet(Map()))
Generated SalesRecord: SalesRecord(6,7,2024-12-12,1084.5974,true,UnknownFieldSet(Map()))
Generated SalesRecord: SalesRecord(4,1,2024-12-12,1968.9001,true,UnknownFieldSet(Map()))
Generated SalesRecord: SalesRecord(0,5,2024-12-12,1199.4407,true,UnknownFieldSet(Map()))
Generated SalesRecord: SalesRecord(2,14,2024-12-12,1532.2993,true,UnknownFieldSet(Map()))
Generated SalesRecord: SalesRecord(2,11,2024-12-12,1850.7966,true,UnknownFieldSet(Map()))
Generated SalesRecord: SalesRecord(7,4,2024-12-12,1548.0189,false,UnknownFieldSet(Map()))
Generated SalesRecord: SalesRecord(4,16,2024-12-12,1394.034,false,UnknownFieldSet(Map()))
Generated SalesRecord: SalesRecord(4,12,2024-12-12,1363.1808,false,UnknownFieldSet(Map()))
Generated SalesRecord: SalesRecord(6,5,2024-12-12,1529.269,true,UnknownFieldSet(Map()))
Generated SalesRecord: SalesRecord(2,2,2024-12-12,1074.6959,false,UnknownFieldSet(Map()))
Generated SalesRecord: SalesRecord(8,2,2024-12-12,1829.368,false,UnknownFieldSet(Map()))
Generated SalesRecord: SalesRecord(6,17,2024-12-12,1448.4927,true,UnknownFieldSet(Map()))
Generated SalesRecord: SalesRecord(3,17,2024-12-12,1262.0166,true,UnknownFieldSet(Map()))
Generated SalesRecord: SalesRecord(3,16,2024-12-12,1155.5786,false,UnknownFieldSet(Map()))
Generated SalesRecord: SalesRecord(6,0,2024-12-12,1261.7924,true,UnknownFieldSet(Map()))
Generated SalesRecord: SalesRecord(3,8,2024-12-12,1205.584,false,UnknownFieldSet(Map()))
Generated SalesRecord: SalesRecord(0,2,2024-12-12,1627.9069,false,UnknownFieldSet(Map()))
Generated SalesRecord: SalesRecord(0,14,2024-12-12,1443.7808,true,UnknownFieldSet(Map()))
Generated SalesRecord: SalesRecord(7,2,2024-12-12,1024.259,true,UnknownFieldSet(Map()))
Generated SalesRecord: SalesRecord(3,19,2024-12-12,1244.1794,false,UnknownFieldSet(Map()))
Generated SalesRecord: SalesRecord(3,13,2024-12-12,1140.6675,true,UnknownFieldSet(Map()))
Generated SalesRecord: SalesRecord(9,3,2024-12-12,1079.1523,true,UnknownFieldSet(Map()))
Generated SalesRecord: SalesRecord(3,18,2024-12-12,1637.6287,true,UnknownFieldSet(Map()))
Generated SalesRecord: SalesRecord(9,12,2024-12-12,1475.136,false,UnknownFieldSet(Map()))
Generated SalesRecord: SalesRecord(8,9,2024-12-12,1841.6687,false,UnknownFieldSet(Map()))
Generated SalesRecord: SalesRecord(1,2,2024-12-12,1974.315,true,UnknownFieldSet(Map()))
Generated SalesRecord: SalesRecord(1,6,2024-12-12,1784.3425,true,UnknownFieldSet(Map()))
Generated SalesRecord: SalesRecord(9,2,2024-12-12,1113.7942,true,UnknownFieldSet(Map()))
Generated SalesRecord: SalesRecord(5,5,2024-12-12,1585.1487,false,UnknownFieldSet(Map()))
Generated SalesRecord: SalesRecord(5,5,2024-12-12,1106.6157,true,UnknownFieldSet(Map()))
Generated SalesRecord: SalesRecord(9,6,2024-12-12,1367.1166,false,UnknownFieldSet(Map()))
Generated SalesRecord: SalesRecord(4,4,2024-12-12,1863.0767,true,UnknownFieldSet(Map()))
Generated SalesRecord: SalesRecord(3,11,2024-12-12,1863.5398,true,UnknownFieldSet(Map()))
Generated SalesRecord: SalesRecord(7,3,2024-12-12,1226.1603,true,UnknownFieldSet(Map()))
Generated SalesRecord: SalesRecord(8,6,2024-12-12,1625.313,false,UnknownFieldSet(Map()))
Generated SalesRecord: SalesRecord(9,8,2024-12-12,1811.4911,true,UnknownFieldSet(Map()))
Generated SalesRecord: SalesRecord(2,10,2024-12-12,1270.5505,true,UnknownFieldSet(Map()))
Generated SalesRecord: SalesRecord(2,7,2024-12-12,1640.0759,true,UnknownFieldSet(Map()))
Generated SalesRecord: SalesRecord(5,3,2024-12-12,1531.6472,true,UnknownFieldSet(Map()))
Generated SalesRecord: SalesRecord(4,0,2024-12-12,1831.1958,false,UnknownFieldSet(Map()))
Generated SalesRecord: SalesRecord(4,12,2024-12-12,1949.6613,false,UnknownFieldSet(Map()))
Generated SalesRecord: SalesRecord(4,18,2024-12-12,1983.1665,false,UnknownFieldSet(Map()))
Generated SalesRecord: SalesRecord(5,1,2024-12-12,1941.8853,false,UnknownFieldSet(Map()))
Generated SalesRecord: SalesRecord(0,0,2024-12-12,1511.2812,true,UnknownFieldSet(Map()))
Generated SalesRecord: SalesRecord(6,15,2024-12-12,1625.6869,false,UnknownFieldSet(Map()))
Generated SalesRecord: SalesRecord(5,15,2024-12-12,1135.1107,false,UnknownFieldSet(Map()))
Generated SalesRecord: SalesRecord(0,5,2024-12-12,1220.1876,true,UnknownFieldSet(Map()))
Generated SalesRecord: SalesRecord(8,9,2024-12-12,1911.4248,false,UnknownFieldSet(Map()))
Generated SalesRecord: SalesRecord(3,7,2024-12-12,1067.0665,false,UnknownFieldSet(Map()))
Generated SalesRecord: SalesRecord(6,9,2024-12-12,1694.3635,false,UnknownFieldSet(Map()))
Generated SalesRecord: SalesRecord(1,4,2024-12-12,1312.7576,true,UnknownFieldSet(Map()))
Generated SalesRecord: SalesRecord(4,6,2024-12-12,1671.0774,true,UnknownFieldSet(Map()))
Generated SalesRecord: SalesRecord(3,9,2024-12-12,1076.5334,false,UnknownFieldSet(Map()))
Generated SalesRecord: SalesRecord(1,3,2024-12-12,1668.9148,true,UnknownFieldSet(Map()))
Generated SalesRecord: SalesRecord(6,14,2024-12-12,1492.4468,true,UnknownFieldSet(Map()))
Generated SalesRecord: SalesRecord(6,14,2024-12-12,1259.333,false,UnknownFieldSet(Map()))
Generated SalesRecord: SalesRecord(9,13,2024-12-12,1357.8228,true,UnknownFieldSet(Map()))
Generated SalesRecord: SalesRecord(0,14,2024-12-12,1294.0613,true,UnknownFieldSet(Map()))
Generated SalesRecord: SalesRecord(2,19,2024-12-12,1246.9794,true,UnknownFieldSet(Map()))
Generated SalesRecord: SalesRecord(9,10,2024-12-12,1400.644,false,UnknownFieldSet(Map()))
Generated SalesRecord: SalesRecord(4,4,2024-12-12,1856.0731,false,UnknownFieldSet(Map()))
Generated SalesRecord: SalesRecord(3,10,2024-12-12,1137.3511,false,UnknownFieldSet(Map()))
Generated SalesRecord: SalesRecord(9,8,2024-12-12,1033.446,false,UnknownFieldSet(Map()))
Generated SalesRecord: SalesRecord(1,3,2024-12-12,1961.5319,true,UnknownFieldSet(Map()))
Generated SalesRecord: SalesRecord(7,17,2024-12-12,1419.5789,true,UnknownFieldSet(Map()))
Generated SalesRecord: SalesRecord(9,12,2024-12-12,1900.8531,true,UnknownFieldSet(Map()))
Generated SalesRecord: SalesRecord(5,13,2024-12-12,1871.7268,false,UnknownFieldSet(Map()))
Generated SalesRecord: SalesRecord(8,1,2024-12-12,1833.4545,true,UnknownFieldSet(Map()))
Generated SalesRecord: SalesRecord(6,7,2024-12-12,1880.5472,false,UnknownFieldSet(Map()))
Generated SalesRecord: SalesRecord(4,8,2024-12-12,1580.9098,true,UnknownFieldSet(Map()))
Generated SalesRecord: SalesRecord(2,19,2024-12-12,1999.4983,false,UnknownFieldSet(Map()))
Generated SalesRecord: SalesRecord(3,12,2024-12-12,1596.9844,true,UnknownFieldSet(Map()))
Generated SalesRecord: SalesRecord(5,0,2024-12-12,1902.5201,false,UnknownFieldSet(Map()))
Generated SalesRecord: SalesRecord(7,11,2024-12-12,1895.529,true,UnknownFieldSet(Map()))
Generated SalesRecord: SalesRecord(7,7,2024-12-12,1061.4825,true,UnknownFieldSet(Map()))
Generated SalesRecord: SalesRecord(1,17,2024-12-12,1002.45337,false,UnknownFieldSet(Map()))
Generated SalesRecord: SalesRecord(8,11,2024-12-12,1192.1127,true,UnknownFieldSet(Map()))
Generated SalesRecord: SalesRecord(6,1,2024-12-12,1139.5723,false,UnknownFieldSet(Map()))
2024-12-12 03:26:46 [kafka-producer-network-thread | producer-1] WARN  o.a.k.c.producer.internals.Sender - [Producer clientId=producer-1] Got error produce response with correlation id 142 on topic-partition sales-topic-1, retrying (2147483646 attempts left). Error: NOT_LEADER_OR_FOLLOWER
2024-12-12 03:26:46 [kafka-producer-network-thread | producer-1] WARN  o.a.k.c.producer.internals.Sender - [Producer clientId=producer-1] Received invalid metadata error in produce request on partition sales-topic-1 due to org.apache.kafka.common.errors.NotLeaderOrFollowerException: For requests intended only for the leader, this error indicates that the broker is not the current leader. For requests intended for any replica, this error indicates that the broker is not a replica of the topic partition.. Going to request metadata update now
Generated SalesRecord: SalesRecord(8,0,2024-12-12,1555.5908,true,UnknownFieldSet(Map()))
Generated SalesRecord: SalesRecord(0,17,2024-12-12,1552.2217,true,UnknownFieldSet(Map()))
Generated SalesRecord: SalesRecord(7,2,2024-12-12,1922.7288,true,UnknownFieldSet(Map()))
Generated SalesRecord: SalesRecord(6,16,2024-12-12,1877.8923,true,UnknownFieldSet(Map()))
Generated SalesRecord: SalesRecord(0,5,2024-12-12,1508.6235,false,UnknownFieldSet(Map()))
Generated SalesRecord: SalesRecord(9,4,2024-12-12,1719.7261,false,UnknownFieldSet(Map()))
Generated SalesRecord: SalesRecord(2,4,2024-12-12,1467.906,true,UnknownFieldSet(Map()))
Generated SalesRecord: SalesRecord(2,14,2024-12-12,1136.5818,false,UnknownFieldSet(Map()))
Generated SalesRecord: SalesRecord(3,19,2024-12-12,1604.1763,true,UnknownFieldSet(Map()))
Generated SalesRecord: SalesRecord(7,14,2024-12-12,1590.465,true,UnknownFieldSet(Map()))
Generated SalesRecord: SalesRecord(0,19,2024-12-12,1791.9504,false,UnknownFieldSet(Map()))
Generated SalesRecord: SalesRecord(7,1,2024-12-12,1002.48315,true,UnknownFieldSet(Map()))
Generated SalesRecord: SalesRecord(6,10,2024-12-12,1235.4147,false,UnknownFieldSet(Map()))
Generated SalesRecord: SalesRecord(9,5,2024-12-12,1960.0742,true,UnknownFieldSet(Map()))
Generated SalesRecord: SalesRecord(2,5,2024-12-12,1095.5131,true,UnknownFieldSet(Map()))
Generated SalesRecord: SalesRecord(2,5,2024-12-12,1791.121,false,UnknownFieldSet(Map()))
Generated SalesRecord: SalesRecord(0,8,2024-12-12,1205.3689,false,UnknownFieldSet(Map()))
Generated SalesRecord: SalesRecord(8,7,2024-12-12,1174.654,true,UnknownFieldSet(Map()))
Generated SalesRecord: SalesRecord(9,10,2024-12-12,1563.7678,true,UnknownFieldSet(Map()))
Generated SalesRecord: SalesRecord(0,12,2024-12-12,1193.2096,false,UnknownFieldSet(Map()))
Generated SalesRecord: SalesRecord(6,15,2024-12-12,1047.4078,false,UnknownFieldSet(Map()))
Generated SalesRecord: SalesRecord(0,4,2024-12-12,1248.4973,true,UnknownFieldSet(Map()))
Generated SalesRecord: SalesRecord(9,3,2024-12-12,1314.8455,true,UnknownFieldSet(Map()))
Generated SalesRecord: SalesRecord(6,16,2024-12-12,1059.8948,false,UnknownFieldSet(Map()))
Generated SalesRecord: SalesRecord(9,2,2024-12-12,1188.5474,false,UnknownFieldSet(Map()))
Generated SalesRecord: SalesRecord(6,9,2024-12-12,1044.3823,false,UnknownFieldSet(Map()))
Generated SalesRecord: SalesRecord(2,16,2024-12-12,1896.1797,true,UnknownFieldSet(Map()))
Generated SalesRecord: SalesRecord(3,8,2024-12-12,1736.8835,false,UnknownFieldSet(Map()))
Generated SalesRecord: SalesRecord(1,8,2024-12-12,1428.2483,true,UnknownFieldSet(Map()))
Generated SalesRecord: SalesRecord(5,5,2024-12-12,1551.5803,true,UnknownFieldSet(Map()))
Generated SalesRecord: SalesRecord(2,2,2024-12-12,1926.4231,false,UnknownFieldSet(Map()))
Generated SalesRecord: SalesRecord(1,6,2024-12-12,1107.6201,false,UnknownFieldSet(Map()))
Generated SalesRecord: SalesRecord(4,10,2024-12-12,1455.3638,false,UnknownFieldSet(Map()))
Generated SalesRecord: SalesRecord(2,11,2024-12-12,1546.7378,true,UnknownFieldSet(Map()))
Generated SalesRecord: SalesRecord(8,0,2024-12-12,1730.5865,true,UnknownFieldSet(Map()))
Generated SalesRecord: SalesRecord(5,17,2024-12-12,1755.6631,true,UnknownFieldSet(Map()))
Generated SalesRecord: SalesRecord(1,8,2024-12-12,1375.8866,false,UnknownFieldSet(Map()))
Generated SalesRecord: SalesRecord(9,9,2024-12-12,1172.7883,true,UnknownFieldSet(Map()))
Generated SalesRecord: SalesRecord(9,5,2024-12-12,1066.0623,true,UnknownFieldSet(Map()))
Generated SalesRecord: SalesRecord(1,19,2024-12-12,1906.4211,false,UnknownFieldSet(Map()))
Generated SalesRecord: SalesRecord(1,4,2024-12-12,1474.1592,false,UnknownFieldSet(Map()))
Generated SalesRecord: SalesRecord(0,5,2024-12-12,1221.0504,true,UnknownFieldSet(Map()))
Generated SalesRecord: SalesRecord(9,7,2024-12-12,1287.1823,false,UnknownFieldSet(Map()))
Generated SalesRecord: SalesRecord(1,7,2024-12-12,1058.402,false,UnknownFieldSet(Map()))
Generated SalesRecord: SalesRecord(4,8,2024-12-12,1680.197,true,UnknownFieldSet(Map()))
Generated SalesRecord: SalesRecord(9,10,2024-12-12,1151.6671,false,UnknownFieldSet(Map()))
Generated SalesRecord: SalesRecord(0,13,2024-12-12,1545.9717,true,UnknownFieldSet(Map()))
Generated SalesRecord: SalesRecord(1,7,2024-12-12,1464.1322,true,UnknownFieldSet(Map()))
Generated SalesRecord: SalesRecord(2,15,2024-12-12,1465.7852,false,UnknownFieldSet(Map()))
Generated SalesRecord: SalesRecord(8,19,2024-12-12,1137.5454,false,UnknownFieldSet(Map()))
Generated SalesRecord: SalesRecord(7,13,2024-12-12,1876.7527,true,UnknownFieldSet(Map()))
Generated SalesRecord: SalesRecord(3,14,2024-12-12,1870.9042,false,UnknownFieldSet(Map()))
Generated SalesRecord: SalesRecord(7,15,2024-12-12,1142.0023,false,UnknownFieldSet(Map()))
Generated SalesRecord: SalesRecord(6,6,2024-12-12,1666.9492,true,UnknownFieldSet(Map()))
Generated SalesRecord: SalesRecord(2,14,2024-12-12,1262.2529,true,UnknownFieldSet(Map()))
Generated SalesRecord: SalesRecord(0,10,2024-12-12,1181.505,false,UnknownFieldSet(Map()))
Generated SalesRecord: SalesRecord(9,16,2024-12-12,1780.8306,true,UnknownFieldSet(Map()))
Generated SalesRecord: SalesRecord(0,5,2024-12-12,1489.9037,false,UnknownFieldSet(Map()))
Generated SalesRecord: SalesRecord(2,1,2024-12-12,1028.8794,true,UnknownFieldSet(Map()))
Generated SalesRecord: SalesRecord(9,10,2024-12-12,1945.0854,false,UnknownFieldSet(Map()))
Generated SalesRecord: SalesRecord(9,11,2024-12-12,1233.5044,true,UnknownFieldSet(Map()))
Generated SalesRecord: SalesRecord(5,4,2024-12-12,1943.5674,false,UnknownFieldSet(Map()))
Generated SalesRecord: SalesRecord(8,3,2024-12-12,1168.8079,false,UnknownFieldSet(Map()))
Generated SalesRecord: SalesRecord(8,5,2024-12-12,1838.3239,false,UnknownFieldSet(Map()))
Generated SalesRecord: SalesRecord(4,6,2024-12-12,1968.2573,false,UnknownFieldSet(Map()))
Generated SalesRecord: SalesRecord(1,8,2024-12-12,1941.727,true,UnknownFieldSet(Map()))
Generated SalesRecord: SalesRecord(4,8,2024-12-12,1436.5507,false,UnknownFieldSet(Map()))
Generated SalesRecord: SalesRecord(0,12,2024-12-12,1547.0415,true,UnknownFieldSet(Map()))
Generated SalesRecord: SalesRecord(9,10,2024-12-12,1700.122,false,UnknownFieldSet(Map()))
Generated SalesRecord: SalesRecord(2,8,2024-12-12,1163.5734,false,UnknownFieldSet(Map()))
Generated SalesRecord: SalesRecord(2,9,2024-12-12,1317.653,false,UnknownFieldSet(Map()))
Generated SalesRecord: SalesRecord(7,10,2024-12-12,1708.4261,false,UnknownFieldSet(Map()))
Generated SalesRecord: SalesRecord(5,15,2024-12-12,1035.4391,false,UnknownFieldSet(Map()))
Generated SalesRecord: SalesRecord(8,2,2024-12-12,1226.9113,false,UnknownFieldSet(Map()))
Generated SalesRecord: SalesRecord(9,18,2024-12-12,1217.1785,false,UnknownFieldSet(Map()))
Generated SalesRecord: SalesRecord(2,3,2024-12-12,1824.0205,false,UnknownFieldSet(Map()))
Generated SalesRecord: SalesRecord(1,12,2024-12-12,1603.7333,false,UnknownFieldSet(Map()))
Generated SalesRecord: SalesRecord(4,14,2024-12-12,1880.9639,true,UnknownFieldSet(Map()))
Generated SalesRecord: SalesRecord(5,15,2024-12-12,1465.6385,true,UnknownFieldSet(Map()))
Generated SalesRecord: SalesRecord(5,3,2024-12-12,1303.6294,false,UnknownFieldSet(Map()))
Generated SalesRecord: SalesRecord(0,12,2024-12-12,1399.609,true,UnknownFieldSet(Map()))
Generated SalesRecord: SalesRecord(5,5,2024-12-12,1503.9243,true,UnknownFieldSet(Map()))
Generated SalesRecord: SalesRecord(5,19,2024-12-12,1990.0211,false,UnknownFieldSet(Map()))
Generated SalesRecord: SalesRecord(6,15,2024-12-12,1050.3052,true,UnknownFieldSet(Map()))
Generated SalesRecord: SalesRecord(3,6,2024-12-12,1307.3265,false,UnknownFieldSet(Map()))
Generated SalesRecord: SalesRecord(2,2,2024-12-12,1440.4119,true,UnknownFieldSet(Map()))
Generated SalesRecord: SalesRecord(6,18,2024-12-12,1747.5758,true,UnknownFieldSet(Map()))
Generated SalesRecord: SalesRecord(3,3,2024-12-12,1246.5647,true,UnknownFieldSet(Map()))
Generated SalesRecord: SalesRecord(6,16,2024-12-12,1030.7113,false,UnknownFieldSet(Map()))
Generated SalesRecord: SalesRecord(8,4,2024-12-12,1963.991,true,UnknownFieldSet(Map()))
Generated SalesRecord: SalesRecord(0,6,2024-12-12,1270.0127,false,UnknownFieldSet(Map()))
Generated SalesRecord: SalesRecord(1,16,2024-12-12,1251.9972,true,UnknownFieldSet(Map()))
Generated SalesRecord: SalesRecord(8,12,2024-12-12,1901.0549,false,UnknownFieldSet(Map()))
Generated SalesRecord: SalesRecord(1,4,2024-12-12,1899.9045,true,UnknownFieldSet(Map()))
Generated SalesRecord: SalesRecord(1,10,2024-12-12,1915.7686,true,UnknownFieldSet(Map()))
Generated SalesRecord: SalesRecord(9,10,2024-12-12,1772.4156,true,UnknownFieldSet(Map()))
Generated SalesRecord: SalesRecord(3,13,2024-12-12,1285.6616,true,UnknownFieldSet(Map()))
Generated SalesRecord: SalesRecord(7,11,2024-12-12,1193.1843,true,UnknownFieldSet(Map()))
Generated SalesRecord: SalesRecord(4,19,2024-12-12,1677.999,true,UnknownFieldSet(Map()))
Generated SalesRecord: SalesRecord(7,10,2024-12-12,1710.7112,false,UnknownFieldSet(Map()))
Generated SalesRecord: SalesRecord(7,6,2024-12-12,1569.6997,false,UnknownFieldSet(Map()))
Generated SalesRecord: SalesRecord(2,13,2024-12-12,1957.2876,false,UnknownFieldSet(Map()))
Generated SalesRecord: SalesRecord(2,15,2024-12-12,1645.9521,true,UnknownFieldSet(Map()))
Generated SalesRecord: SalesRecord(5,5,2024-12-12,1359.5647,true,UnknownFieldSet(Map()))
Generated SalesRecord: SalesRecord(4,0,2024-12-12,1934.0112,false,UnknownFieldSet(Map()))
Generated SalesRecord: SalesRecord(3,14,2024-12-12,1788.4229,false,UnknownFieldSet(Map()))
Generated SalesRecord: SalesRecord(8,4,2024-12-12,1467.3792,true,UnknownFieldSet(Map()))
Generated SalesRecord: SalesRecord(4,17,2024-12-12,1846.173,true,UnknownFieldSet(Map()))
Generated SalesRecord: SalesRecord(1,15,2024-12-12,1401.5381,true,UnknownFieldSet(Map()))
Generated SalesRecord: SalesRecord(0,4,2024-12-12,1380.7158,true,UnknownFieldSet(Map()))
Generated SalesRecord: SalesRecord(2,8,2024-12-12,1409.6389,false,UnknownFieldSet(Map()))
Generated SalesRecord: SalesRecord(1,10,2024-12-12,1989.145,false,UnknownFieldSet(Map()))
Generated SalesRecord: SalesRecord(2,8,2024-12-12,1875.019,true,UnknownFieldSet(Map()))
Generated SalesRecord: SalesRecord(5,1,2024-12-12,1727.3743,false,UnknownFieldSet(Map()))
Generated SalesRecord: SalesRecord(8,11,2024-12-12,1867.1534,true,UnknownFieldSet(Map()))
Generated SalesRecord: SalesRecord(0,14,2024-12-12,1977.7249,false,UnknownFieldSet(Map()))
Generated SalesRecord: SalesRecord(8,8,2024-12-12,1138.6174,false,UnknownFieldSet(Map()))
Generated SalesRecord: SalesRecord(8,9,2024-12-12,1443.0092,true,UnknownFieldSet(Map()))
Generated SalesRecord: SalesRecord(8,6,2024-12-12,1412.8688,false,UnknownFieldSet(Map()))
Generated SalesRecord: SalesRecord(7,11,2024-12-12,1533.4983,false,UnknownFieldSet(Map()))
Generated SalesRecord: SalesRecord(9,19,2024-12-12,1046.1295,true,UnknownFieldSet(Map()))
Generated SalesRecord: SalesRecord(1,5,2024-12-12,1992.2646,false,UnknownFieldSet(Map()))
Generated SalesRecord: SalesRecord(9,4,2024-12-12,1741.3784,false,UnknownFieldSet(Map()))
Generated SalesRecord: SalesRecord(6,7,2024-12-12,1464.7372,true,UnknownFieldSet(Map()))
Generated SalesRecord: SalesRecord(0,8,2024-12-12,1368.4374,false,UnknownFieldSet(Map()))
Generated SalesRecord: SalesRecord(1,12,2024-12-12,1859.9166,true,UnknownFieldSet(Map()))
Generated SalesRecord: SalesRecord(0,4,2024-12-12,1101.3668,true,UnknownFieldSet(Map()))
Generated SalesRecord: SalesRecord(7,10,2024-12-12,1773.5403,false,UnknownFieldSet(Map()))
Generated SalesRecord: SalesRecord(3,14,2024-12-12,1022.85626,true,UnknownFieldSet(Map()))
Generated SalesRecord: SalesRecord(2,16,2024-12-12,1947.595,true,UnknownFieldSet(Map()))
Generated SalesRecord: SalesRecord(0,9,2024-12-12,1065.0266,false,UnknownFieldSet(Map()))
Generated SalesRecord: SalesRecord(4,2,2024-12-12,1725.9254,true,UnknownFieldSet(Map()))
Generated SalesRecord: SalesRecord(6,16,2024-12-12,1657.0361,false,UnknownFieldSet(Map()))
Generated SalesRecord: SalesRecord(2,1,2024-12-12,1732.2847,true,UnknownFieldSet(Map()))
Generated SalesRecord: SalesRecord(9,0,2024-12-12,1732.1075,false,UnknownFieldSet(Map()))
Generated SalesRecord: SalesRecord(2,9,2024-12-12,1545.03,false,UnknownFieldSet(Map()))
Generated SalesRecord: SalesRecord(1,16,2024-12-12,1810.0725,true,UnknownFieldSet(Map()))
Generated SalesRecord: SalesRecord(0,12,2024-12-12,1971.7639,true,UnknownFieldSet(Map()))
Generated SalesRecord: SalesRecord(7,12,2024-12-12,1716.2539,true,UnknownFieldSet(Map()))
Generated SalesRecord: SalesRecord(6,2,2024-12-12,1637.5747,true,UnknownFieldSet(Map()))
Generated SalesRecord: SalesRecord(2,12,2024-12-12,1123.4836,true,UnknownFieldSet(Map()))
Generated SalesRecord: SalesRecord(3,0,2024-12-12,1992.1332,false,UnknownFieldSet(Map()))
Generated SalesRecord: SalesRecord(9,11,2024-12-12,1511.284,true,UnknownFieldSet(Map()))
Generated SalesRecord: SalesRecord(6,7,2024-12-12,1513.7484,false,UnknownFieldSet(Map()))
Generated SalesRecord: SalesRecord(6,15,2024-12-12,1324.7081,false,UnknownFieldSet(Map()))
Generated SalesRecord: SalesRecord(1,4,2024-12-12,1842.5952,true,UnknownFieldSet(Map()))
Generated SalesRecord: SalesRecord(8,1,2024-12-12,1085.0724,false,UnknownFieldSet(Map()))
Generated SalesRecord: SalesRecord(2,15,2024-12-12,1810.6697,false,UnknownFieldSet(Map()))
Generated SalesRecord: SalesRecord(1,3,2024-12-12,1955.7823,false,UnknownFieldSet(Map()))
Generated SalesRecord: SalesRecord(7,18,2024-12-12,1852.6366,true,UnknownFieldSet(Map()))
Generated SalesRecord: SalesRecord(3,12,2024-12-12,1798.6848,true,UnknownFieldSet(Map()))
Generated SalesRecord: SalesRecord(1,16,2024-12-12,1079.5804,false,UnknownFieldSet(Map()))
Generated SalesRecord: SalesRecord(2,16,2024-12-12,1069.8516,true,UnknownFieldSet(Map()))
Generated SalesRecord: SalesRecord(0,12,2024-12-12,1376.7736,false,UnknownFieldSet(Map()))
Generated SalesRecord: SalesRecord(2,6,2024-12-12,1998.4299,true,UnknownFieldSet(Map()))
Generated SalesRecord: SalesRecord(2,13,2024-12-12,1246.9304,true,UnknownFieldSet(Map()))
Generated SalesRecord: SalesRecord(8,10,2024-12-12,1368.1719,true,UnknownFieldSet(Map()))
Generated SalesRecord: SalesRecord(8,14,2024-12-12,1762.0125,true,UnknownFieldSet(Map()))
Generated SalesRecord: SalesRecord(2,1,2024-12-12,1878.4761,false,UnknownFieldSet(Map()))
Generated SalesRecord: SalesRecord(6,1,2024-12-12,1909.5049,false,UnknownFieldSet(Map()))
Generated SalesRecord: SalesRecord(2,10,2024-12-12,1500.2594,false,UnknownFieldSet(Map()))
Generated SalesRecord: SalesRecord(9,9,2024-12-12,1823.1853,true,UnknownFieldSet(Map()))
Generated SalesRecord: SalesRecord(4,17,2024-12-12,1461.6958,true,UnknownFieldSet(Map()))
Generated SalesRecord: SalesRecord(6,5,2024-12-12,1873.7559,false,UnknownFieldSet(Map()))
Generated SalesRecord: SalesRecord(3,13,2024-12-12,1499.842,true,UnknownFieldSet(Map()))
Generated SalesRecord: SalesRecord(6,12,2024-12-12,1361.315,true,UnknownFieldSet(Map()))
Generated SalesRecord: SalesRecord(0,15,2024-12-12,1796.3904,false,UnknownFieldSet(Map()))
Generated SalesRecord: SalesRecord(9,8,2024-12-12,1599.4905,true,UnknownFieldSet(Map()))
Generated SalesRecord: SalesRecord(9,18,2024-12-12,1579.2715,true,UnknownFieldSet(Map()))
Generated SalesRecord: SalesRecord(9,13,2024-12-12,1510.1655,true,UnknownFieldSet(Map()))
Generated SalesRecord: SalesRecord(8,2,2024-12-12,1716.5522,true,UnknownFieldSet(Map()))
Generated SalesRecord: SalesRecord(3,2,2024-12-12,1458.0726,false,UnknownFieldSet(Map()))
Generated SalesRecord: SalesRecord(9,12,2024-12-12,1755.0508,false,UnknownFieldSet(Map()))
Generated SalesRecord: SalesRecord(8,8,2024-12-12,1946.1361,false,UnknownFieldSet(Map()))
Generated SalesRecord: SalesRecord(6,5,2024-12-12,1763.3215,false,UnknownFieldSet(Map()))
Generated SalesRecord: SalesRecord(0,7,2024-12-12,1965.2972,true,UnknownFieldSet(Map()))
Generated SalesRecord: SalesRecord(1,8,2024-12-12,1027.1328,true,UnknownFieldSet(Map()))
Generated SalesRecord: SalesRecord(6,6,2024-12-12,1246.652,true,UnknownFieldSet(Map()))
Generated SalesRecord: SalesRecord(1,10,2024-12-12,1115.2925,false,UnknownFieldSet(Map()))
Generated SalesRecord: SalesRecord(5,7,2024-12-12,1399.0891,false,UnknownFieldSet(Map()))
Generated SalesRecord: SalesRecord(0,2,2024-12-12,1084.649,true,UnknownFieldSet(Map()))
Generated SalesRecord: SalesRecord(4,6,2024-12-12,1932.2119,true,UnknownFieldSet(Map()))
Generated SalesRecord: SalesRecord(0,8,2024-12-12,1625.3262,false,UnknownFieldSet(Map()))
Generated SalesRecord: SalesRecord(7,9,2024-12-12,1462.1854,false,UnknownFieldSet(Map()))
Generated SalesRecord: SalesRecord(4,19,2024-12-12,1760.7206,true,UnknownFieldSet(Map()))
Generated SalesRecord: SalesRecord(8,6,2024-12-12,1977.2448,true,UnknownFieldSet(Map()))
Generated SalesRecord: SalesRecord(6,9,2024-12-12,1311.5256,false,UnknownFieldSet(Map()))
Generated SalesRecord: SalesRecord(6,2,2024-12-12,1899.9579,false,UnknownFieldSet(Map()))
Generated SalesRecord: SalesRecord(7,3,2024-12-12,1709.0116,true,UnknownFieldSet(Map()))
Generated SalesRecord: SalesRecord(7,6,2024-12-12,1824.9353,false,UnknownFieldSet(Map()))
Generated SalesRecord: SalesRecord(4,12,2024-12-12,1900.0306,true,UnknownFieldSet(Map()))
Generated SalesRecord: SalesRecord(2,6,2024-12-12,1233.5295,true,UnknownFieldSet(Map()))
Generated SalesRecord: SalesRecord(1,8,2024-12-12,1024.6788,false,UnknownFieldSet(Map()))
Generated SalesRecord: SalesRecord(4,19,2024-12-12,1191.172,true,UnknownFieldSet(Map()))
Generated SalesRecord: SalesRecord(5,7,2024-12-12,1267.2866,false,UnknownFieldSet(Map()))
Generated SalesRecord: SalesRecord(6,10,2024-12-12,1018.34326,true,UnknownFieldSet(Map()))
Generated SalesRecord: SalesRecord(8,13,2024-12-12,1782.3744,false,UnknownFieldSet(Map()))
Generated SalesRecord: SalesRecord(0,1,2024-12-12,1192.7756,false,UnknownFieldSet(Map()))
Generated SalesRecord: SalesRecord(9,0,2024-12-12,1879.4454,false,UnknownFieldSet(Map()))
Generated SalesRecord: SalesRecord(9,6,2024-12-12,1288.3392,false,UnknownFieldSet(Map()))
Generated SalesRecord: SalesRecord(7,19,2024-12-12,1713.9585,false,UnknownFieldSet(Map()))
Generated SalesRecord: SalesRecord(5,4,2024-12-12,1585.1631,false,UnknownFieldSet(Map()))
Generated SalesRecord: SalesRecord(3,15,2024-12-12,1576.5537,false,UnknownFieldSet(Map()))
Generated SalesRecord: SalesRecord(2,3,2024-12-12,1095.8947,true,UnknownFieldSet(Map()))
Generated SalesRecord: SalesRecord(8,14,2024-12-12,1498.5776,false,UnknownFieldSet(Map()))
Generated SalesRecord: SalesRecord(5,1,2024-12-12,1144.6039,true,UnknownFieldSet(Map()))
Generated SalesRecord: SalesRecord(4,2,2024-12-12,1299.1848,true,UnknownFieldSet(Map()))
Generated SalesRecord: SalesRecord(7,13,2024-12-12,1307.6863,false,UnknownFieldSet(Map()))
Generated SalesRecord: SalesRecord(2,3,2024-12-12,1387.7642,false,UnknownFieldSet(Map()))
Generated SalesRecord: SalesRecord(7,6,2024-12-12,1480.2261,false,UnknownFieldSet(Map()))
Generated SalesRecord: SalesRecord(4,14,2024-12-12,1605.171,false,UnknownFieldSet(Map()))
Generated SalesRecord: SalesRecord(7,2,2024-12-12,1066.6272,true,UnknownFieldSet(Map()))
Generated SalesRecord: SalesRecord(6,10,2024-12-12,1138.2156,true,UnknownFieldSet(Map()))
Generated SalesRecord: SalesRecord(2,0,2024-12-12,1810.9246,true,UnknownFieldSet(Map()))
Generated SalesRecord: SalesRecord(5,3,2024-12-12,1074.0925,true,UnknownFieldSet(Map()))
Generated SalesRecord: SalesRecord(4,12,2024-12-12,1580.0381,true,UnknownFieldSet(Map()))
Generated SalesRecord: SalesRecord(3,9,2024-12-12,1474.9065,true,UnknownFieldSet(Map()))
Generated SalesRecord: SalesRecord(8,11,2024-12-12,1492.3335,false,UnknownFieldSet(Map()))
Generated SalesRecord: SalesRecord(2,16,2024-12-12,1947.1781,false,UnknownFieldSet(Map()))
Generated SalesRecord: SalesRecord(7,17,2024-12-12,1144.2074,false,UnknownFieldSet(Map()))
Generated SalesRecord: SalesRecord(0,7,2024-12-12,1557.1926,true,UnknownFieldSet(Map()))
Generated SalesRecord: SalesRecord(3,9,2024-12-12,1329.0132,true,UnknownFieldSet(Map()))
Generated SalesRecord: SalesRecord(5,10,2024-12-12,1600.2754,true,UnknownFieldSet(Map()))
Generated SalesRecord: SalesRecord(8,5,2024-12-12,1565.4966,true,UnknownFieldSet(Map()))
Generated SalesRecord: SalesRecord(9,9,2024-12-12,1170.5613,false,UnknownFieldSet(Map()))
Generated SalesRecord: SalesRecord(9,16,2024-12-12,1957.013,true,UnknownFieldSet(Map()))
Generated SalesRecord: SalesRecord(3,12,2024-12-12,1697.5458,true,UnknownFieldSet(Map()))
Generated SalesRecord: SalesRecord(3,10,2024-12-12,1388.147,true,UnknownFieldSet(Map()))
Generated SalesRecord: SalesRecord(1,19,2024-12-12,1616.6853,false,UnknownFieldSet(Map()))
Generated SalesRecord: SalesRecord(5,16,2024-12-12,1831.9612,false,UnknownFieldSet(Map()))
Generated SalesRecord: SalesRecord(3,13,2024-12-12,1123.541,true,UnknownFieldSet(Map()))
Generated SalesRecord: SalesRecord(1,2,2024-12-12,1588.9448,false,UnknownFieldSet(Map()))
Generated SalesRecord: SalesRecord(2,2,2024-12-12,1524.4354,false,UnknownFieldSet(Map()))
Generated SalesRecord: SalesRecord(2,6,2024-12-12,1607.8442,true,UnknownFieldSet(Map()))
Generated SalesRecord: SalesRecord(3,15,2024-12-12,1041.3174,false,UnknownFieldSet(Map()))
Generated SalesRecord: SalesRecord(1,8,2024-12-12,1648.9006,true,UnknownFieldSet(Map()))
Generated SalesRecord: SalesRecord(1,6,2024-12-12,1054.5104,false,UnknownFieldSet(Map()))
Generated SalesRecord: SalesRecord(3,17,2024-12-12,1941.6256,false,UnknownFieldSet(Map()))
Generated SalesRecord: SalesRecord(9,16,2024-12-12,1674.2432,false,UnknownFieldSet(Map()))
Generated SalesRecord: SalesRecord(2,10,2024-12-12,1162.0983,true,UnknownFieldSet(Map()))
Generated SalesRecord: SalesRecord(6,17,2024-12-12,1220.3373,true,UnknownFieldSet(Map()))
Generated SalesRecord: SalesRecord(1,0,2024-12-12,1008.86383,true,UnknownFieldSet(Map()))
Generated SalesRecord: SalesRecord(6,12,2024-12-12,1659.1573,true,UnknownFieldSet(Map()))
Generated SalesRecord: SalesRecord(1,3,2024-12-12,1391.8716,false,UnknownFieldSet(Map()))
Generated SalesRecord: SalesRecord(2,18,2024-12-12,1297.9005,false,UnknownFieldSet(Map()))
Generated SalesRecord: SalesRecord(9,9,2024-12-12,1265.4863,true,UnknownFieldSet(Map()))
Generated SalesRecord: SalesRecord(8,1,2024-12-12,1068.5331,true,UnknownFieldSet(Map()))
Generated SalesRecord: SalesRecord(2,13,2024-12-12,1434.4631,false,UnknownFieldSet(Map()))
Generated SalesRecord: SalesRecord(0,2,2024-12-12,1547.1556,true,UnknownFieldSet(Map()))
Generated SalesRecord: SalesRecord(1,6,2024-12-12,1240.8732,false,UnknownFieldSet(Map()))
Generated SalesRecord: SalesRecord(1,12,2024-12-12,1449.3055,false,UnknownFieldSet(Map()))
Generated SalesRecord: SalesRecord(2,7,2024-12-12,1900.3229,false,UnknownFieldSet(Map()))
Generated SalesRecord: SalesRecord(7,1,2024-12-12,1717.6838,false,UnknownFieldSet(Map()))
Generated SalesRecord: SalesRecord(3,18,2024-12-12,1397.4087,true,UnknownFieldSet(Map()))
Generated SalesRecord: SalesRecord(8,18,2024-12-12,1476.0168,true,UnknownFieldSet(Map()))
Generated SalesRecord: SalesRecord(1,19,2024-12-12,1273.2014,true,UnknownFieldSet(Map()))
Generated SalesRecord: SalesRecord(1,16,2024-12-12,1061.2429,true,UnknownFieldSet(Map()))
Generated SalesRecord: SalesRecord(1,16,2024-12-12,1341.6561,false,UnknownFieldSet(Map()))
Generated SalesRecord: SalesRecord(4,11,2024-12-12,1065.9376,true,UnknownFieldSet(Map()))
Generated SalesRecord: SalesRecord(5,0,2024-12-12,1357.1953,false,UnknownFieldSet(Map()))
Generated SalesRecord: SalesRecord(1,19,2024-12-12,1823.872,false,UnknownFieldSet(Map()))
Generated SalesRecord: SalesRecord(9,10,2024-12-12,1922.313,true,UnknownFieldSet(Map()))
Generated SalesRecord: SalesRecord(5,19,2024-12-12,1053.819,false,UnknownFieldSet(Map()))
Generated SalesRecord: SalesRecord(0,17,2024-12-12,1471.901,false,UnknownFieldSet(Map()))
Generated SalesRecord: SalesRecord(1,12,2024-12-12,1440.2057,false,UnknownFieldSet(Map()))
Generated SalesRecord: SalesRecord(3,10,2024-12-12,1000.10077,false,UnknownFieldSet(Map()))
Generated SalesRecord: SalesRecord(0,5,2024-12-12,1773.9321,true,UnknownFieldSet(Map()))
Generated SalesRecord: SalesRecord(2,7,2024-12-12,1305.831,false,UnknownFieldSet(Map()))
Generated SalesRecord: SalesRecord(9,6,2024-12-12,1902.6533,false,UnknownFieldSet(Map()))
Generated SalesRecord: SalesRecord(0,12,2024-12-12,1924.7495,false,UnknownFieldSet(Map()))
Generated SalesRecord: SalesRecord(1,2,2024-12-12,1147.0524,true,UnknownFieldSet(Map()))
Generated SalesRecord: SalesRecord(5,1,2024-12-12,1588.2532,true,UnknownFieldSet(Map()))
